2024-06-05 12:11:40,157:WARNING:
'cuml' is a soft dependency and not included in the pycaret installation. Please run: `pip install cuml` to install.
2024-06-05 12:11:40,157:WARNING:
'cuml' is a soft dependency and not included in the pycaret installation. Please run: `pip install cuml` to install.
2024-06-05 12:11:40,158:WARNING:
'cuml' is a soft dependency and not included in the pycaret installation. Please run: `pip install cuml` to install.
2024-06-05 12:11:40,158:WARNING:
'cuml' is a soft dependency and not included in the pycaret installation. Please run: `pip install cuml` to install.
2024-06-05 12:11:58,782:WARNING:
'cuml' is a soft dependency and not included in the pycaret installation. Please run: `pip install cuml` to install.
2024-06-05 12:11:58,782:WARNING:
'cuml' is a soft dependency and not included in the pycaret installation. Please run: `pip install cuml` to install.
2024-06-05 12:11:58,782:WARNING:
'cuml' is a soft dependency and not included in the pycaret installation. Please run: `pip install cuml` to install.
2024-06-05 12:11:58,783:WARNING:
'cuml' is a soft dependency and not included in the pycaret installation. Please run: `pip install cuml` to install.
2024-06-05 12:17:50,147:WARNING:
'cuml' is a soft dependency and not included in the pycaret installation. Please run: `pip install cuml` to install.
2024-06-05 12:17:50,147:WARNING:
'cuml' is a soft dependency and not included in the pycaret installation. Please run: `pip install cuml` to install.
2024-06-05 12:17:50,147:WARNING:
'cuml' is a soft dependency and not included in the pycaret installation. Please run: `pip install cuml` to install.
2024-06-05 12:17:50,147:WARNING:
'cuml' is a soft dependency and not included in the pycaret installation. Please run: `pip install cuml` to install.
2024-06-05 12:19:16,798:INFO:PyCaret RegressionExperiment
2024-06-05 12:19:16,799:INFO:Logging name: reg-default-name
2024-06-05 12:19:16,800:INFO:ML Usecase: MLUsecase.REGRESSION
2024-06-05 12:19:16,800:INFO:version 3.3.2
2024-06-05 12:19:16,800:INFO:Initializing setup()
2024-06-05 12:19:16,801:INFO:self.USI: c6ca
2024-06-05 12:19:16,801:INFO:self._variable_keys: {'_ml_usecase', 'X', 'idx', 'fold_generator', 'pipeline', 'gpu_n_jobs_param', 'data', 'logging_param', 'transform_target_param', 'fold_shuffle_param', 'X_train', 'y', 'X_test', 'exp_id', 'USI', 'log_plots_param', 'exp_name_log', 'y_train', 'fold_groups_param', 'seed', 'n_jobs_param', 'html_param', 'target_param', 'memory', 'y_test', 'gpu_param', '_available_plots'}
2024-06-05 12:19:16,801:INFO:Checking environment
2024-06-05 12:19:16,801:INFO:python_version: 3.10.13
2024-06-05 12:19:16,802:INFO:python_build: ('main', 'May 30 2024 20:38:07')
2024-06-05 12:19:16,802:INFO:machine: x86_64
2024-06-05 12:19:16,805:INFO:platform: Linux-6.5.0-1021-azure-x86_64-with-glibc2.31
2024-06-05 12:19:16,806:INFO:Memory: svmem(total=8314748928, available=5690003456, percent=31.6, used=2293448704, free=327884800, active=3276062720, inactive=4038103040, buffers=451006464, cached=5242408960, shared=1261568, slab=498384896)
2024-06-05 12:19:16,806:INFO:Physical Core: 1
2024-06-05 12:19:16,807:INFO:Logical Core: 2
2024-06-05 12:19:16,807:INFO:Checking libraries
2024-06-05 12:19:16,807:INFO:System:
2024-06-05 12:19:16,807:INFO:    python: 3.10.13 (main, May 30 2024, 20:38:07) [GCC 9.4.0]
2024-06-05 12:19:16,807:INFO:executable: /usr/local/python/3.10.13/bin/python3
2024-06-05 12:19:16,808:INFO:   machine: Linux-6.5.0-1021-azure-x86_64-with-glibc2.31
2024-06-05 12:19:16,808:INFO:PyCaret required dependencies:
2024-06-05 12:19:16,973:INFO:                 pip: 24.0
2024-06-05 12:19:16,973:INFO:          setuptools: 68.2.2
2024-06-05 12:19:16,973:INFO:             pycaret: 3.3.2
2024-06-05 12:19:16,973:INFO:             IPython: 8.24.0
2024-06-05 12:19:16,974:INFO:          ipywidgets: 8.1.3
2024-06-05 12:19:16,974:INFO:                tqdm: 4.66.4
2024-06-05 12:19:16,974:INFO:               numpy: 1.26.4
2024-06-05 12:19:16,974:INFO:              pandas: 2.1.4
2024-06-05 12:19:16,974:INFO:              jinja2: 3.1.4
2024-06-05 12:19:16,975:INFO:               scipy: 1.11.4
2024-06-05 12:19:16,975:INFO:              joblib: 1.3.2
2024-06-05 12:19:16,975:INFO:             sklearn: 1.4.2
2024-06-05 12:19:16,976:INFO:                pyod: 2.0.0
2024-06-05 12:19:16,976:INFO:            imblearn: 0.12.3
2024-06-05 12:19:16,976:INFO:   category_encoders: 2.6.3
2024-06-05 12:19:16,976:INFO:            lightgbm: 4.3.0
2024-06-05 12:19:16,976:INFO:               numba: 0.59.1
2024-06-05 12:19:16,976:INFO:            requests: 2.32.3
2024-06-05 12:19:16,977:INFO:          matplotlib: 3.7.5
2024-06-05 12:19:16,977:INFO:          scikitplot: 0.3.7
2024-06-05 12:19:16,977:INFO:         yellowbrick: 1.5
2024-06-05 12:19:16,977:INFO:              plotly: 5.22.0
2024-06-05 12:19:16,977:INFO:    plotly-resampler: Not installed
2024-06-05 12:19:16,978:INFO:             kaleido: 0.2.1
2024-06-05 12:19:16,978:INFO:           schemdraw: 0.15
2024-06-05 12:19:16,978:INFO:         statsmodels: 0.14.2
2024-06-05 12:19:16,978:INFO:              sktime: 0.26.0
2024-06-05 12:19:16,979:INFO:               tbats: 1.1.3
2024-06-05 12:19:16,979:INFO:            pmdarima: 2.0.4
2024-06-05 12:19:16,979:INFO:              psutil: 5.9.8
2024-06-05 12:19:16,979:INFO:          markupsafe: 2.1.5
2024-06-05 12:19:16,980:INFO:             pickle5: Not installed
2024-06-05 12:19:16,980:INFO:         cloudpickle: 3.0.0
2024-06-05 12:19:16,980:INFO:         deprecation: 2.1.0
2024-06-05 12:19:16,980:INFO:              xxhash: 3.4.1
2024-06-05 12:19:16,981:INFO:           wurlitzer: 3.1.0
2024-06-05 12:19:16,981:INFO:PyCaret optional dependencies:
2024-06-05 12:19:17,514:INFO:                shap: Not installed
2024-06-05 12:19:17,514:INFO:           interpret: Not installed
2024-06-05 12:19:17,515:INFO:                umap: Not installed
2024-06-05 12:19:17,515:INFO:     ydata_profiling: Not installed
2024-06-05 12:19:17,515:INFO:  explainerdashboard: Not installed
2024-06-05 12:19:17,515:INFO:             autoviz: Not installed
2024-06-05 12:19:17,515:INFO:           fairlearn: Not installed
2024-06-05 12:19:17,515:INFO:          deepchecks: Not installed
2024-06-05 12:19:17,516:INFO:             xgboost: 2.0.3
2024-06-05 12:19:17,516:INFO:            catboost: 1.2.5
2024-06-05 12:19:17,516:INFO:              kmodes: Not installed
2024-06-05 12:19:17,516:INFO:             mlxtend: Not installed
2024-06-05 12:19:17,516:INFO:       statsforecast: Not installed
2024-06-05 12:19:17,516:INFO:        tune_sklearn: Not installed
2024-06-05 12:19:17,516:INFO:                 ray: Not installed
2024-06-05 12:19:17,516:INFO:            hyperopt: Not installed
2024-06-05 12:19:17,516:INFO:              optuna: Not installed
2024-06-05 12:19:17,516:INFO:               skopt: Not installed
2024-06-05 12:19:17,516:INFO:              mlflow: Not installed
2024-06-05 12:19:17,516:INFO:              gradio: Not installed
2024-06-05 12:19:17,516:INFO:             fastapi: Not installed
2024-06-05 12:19:17,517:INFO:             uvicorn: Not installed
2024-06-05 12:19:17,517:INFO:              m2cgen: Not installed
2024-06-05 12:19:17,517:INFO:           evidently: Not installed
2024-06-05 12:19:17,517:INFO:               fugue: Not installed
2024-06-05 12:19:17,517:INFO:           streamlit: 1.35.0
2024-06-05 12:19:17,517:INFO:             prophet: Not installed
2024-06-05 12:19:17,517:INFO:None
2024-06-05 12:19:17,517:INFO:Set up data.
2024-06-05 12:19:17,531:INFO:Set up folding strategy.
2024-06-05 12:19:17,531:INFO:Set up train/test split.
2024-06-05 12:19:17,547:INFO:Set up index.
2024-06-05 12:19:17,547:INFO:Assigning column types.
2024-06-05 12:19:17,551:INFO:Engine successfully changes for model 'lr' to 'sklearn'.
2024-06-05 12:19:17,551:INFO:Engine for model 'lasso' has not been set explicitly, hence returning None.
2024-06-05 12:19:17,555:INFO:Engine for model 'ridge' has not been set explicitly, hence returning None.
2024-06-05 12:19:17,561:INFO:Engine for model 'en' has not been set explicitly, hence returning None.
2024-06-05 12:19:17,614:INFO:Engine for model 'svm' has not been set explicitly, hence returning None.
2024-06-05 12:19:17,656:INFO:Engine for model 'knn' has not been set explicitly, hence returning None.
2024-06-05 12:19:17,657:INFO:Soft dependency imported: xgboost: 2.0.3
2024-06-05 12:19:17,659:INFO:Soft dependency imported: catboost: 1.2.5
2024-06-05 12:19:17,675:INFO:Engine for model 'lasso' has not been set explicitly, hence returning None.
2024-06-05 12:19:17,680:INFO:Engine for model 'ridge' has not been set explicitly, hence returning None.
2024-06-05 12:19:17,684:INFO:Engine for model 'en' has not been set explicitly, hence returning None.
2024-06-05 12:19:17,737:INFO:Engine for model 'svm' has not been set explicitly, hence returning None.
2024-06-05 12:19:17,776:INFO:Engine for model 'knn' has not been set explicitly, hence returning None.
2024-06-05 12:19:17,777:INFO:Soft dependency imported: xgboost: 2.0.3
2024-06-05 12:19:17,779:INFO:Soft dependency imported: catboost: 1.2.5
2024-06-05 12:19:17,780:INFO:Engine successfully changes for model 'lasso' to 'sklearn'.
2024-06-05 12:19:17,784:INFO:Engine for model 'ridge' has not been set explicitly, hence returning None.
2024-06-05 12:19:17,789:INFO:Engine for model 'en' has not been set explicitly, hence returning None.
2024-06-05 12:19:17,841:INFO:Engine for model 'svm' has not been set explicitly, hence returning None.
2024-06-05 12:19:17,879:INFO:Engine for model 'knn' has not been set explicitly, hence returning None.
2024-06-05 12:19:17,880:INFO:Soft dependency imported: xgboost: 2.0.3
2024-06-05 12:19:17,883:INFO:Soft dependency imported: catboost: 1.2.5
2024-06-05 12:19:17,887:INFO:Engine for model 'ridge' has not been set explicitly, hence returning None.
2024-06-05 12:19:17,891:INFO:Engine for model 'en' has not been set explicitly, hence returning None.
2024-06-05 12:19:17,943:INFO:Engine for model 'svm' has not been set explicitly, hence returning None.
2024-06-05 12:19:17,982:INFO:Engine for model 'knn' has not been set explicitly, hence returning None.
2024-06-05 12:19:17,983:INFO:Soft dependency imported: xgboost: 2.0.3
2024-06-05 12:19:17,985:INFO:Soft dependency imported: catboost: 1.2.5
2024-06-05 12:19:17,987:INFO:Engine successfully changes for model 'ridge' to 'sklearn'.
2024-06-05 12:19:17,996:INFO:Engine for model 'en' has not been set explicitly, hence returning None.
2024-06-05 12:19:18,050:INFO:Engine for model 'svm' has not been set explicitly, hence returning None.
2024-06-05 12:19:18,089:INFO:Engine for model 'knn' has not been set explicitly, hence returning None.
2024-06-05 12:19:18,089:INFO:Soft dependency imported: xgboost: 2.0.3
2024-06-05 12:19:18,092:INFO:Soft dependency imported: catboost: 1.2.5
2024-06-05 12:19:18,100:INFO:Engine for model 'en' has not been set explicitly, hence returning None.
2024-06-05 12:19:18,154:INFO:Engine for model 'svm' has not been set explicitly, hence returning None.
2024-06-05 12:19:18,192:INFO:Engine for model 'knn' has not been set explicitly, hence returning None.
2024-06-05 12:19:18,193:INFO:Soft dependency imported: xgboost: 2.0.3
2024-06-05 12:19:18,195:INFO:Soft dependency imported: catboost: 1.2.5
2024-06-05 12:19:18,196:INFO:Engine successfully changes for model 'en' to 'sklearn'.
2024-06-05 12:19:18,258:INFO:Engine for model 'svm' has not been set explicitly, hence returning None.
2024-06-05 12:19:18,296:INFO:Engine for model 'knn' has not been set explicitly, hence returning None.
2024-06-05 12:19:18,297:INFO:Soft dependency imported: xgboost: 2.0.3
2024-06-05 12:19:18,300:INFO:Soft dependency imported: catboost: 1.2.5
2024-06-05 12:19:18,362:INFO:Engine for model 'svm' has not been set explicitly, hence returning None.
2024-06-05 12:19:18,400:INFO:Engine for model 'knn' has not been set explicitly, hence returning None.
2024-06-05 12:19:18,401:INFO:Soft dependency imported: xgboost: 2.0.3
2024-06-05 12:19:18,404:INFO:Soft dependency imported: catboost: 1.2.5
2024-06-05 12:19:18,404:INFO:Engine successfully changes for model 'knn' to 'sklearn'.
2024-06-05 12:19:18,466:INFO:Engine for model 'svm' has not been set explicitly, hence returning None.
2024-06-05 12:19:18,505:INFO:Soft dependency imported: xgboost: 2.0.3
2024-06-05 12:19:18,508:INFO:Soft dependency imported: catboost: 1.2.5
2024-06-05 12:19:18,577:INFO:Engine for model 'svm' has not been set explicitly, hence returning None.
2024-06-05 12:19:18,647:INFO:Soft dependency imported: xgboost: 2.0.3
2024-06-05 12:19:18,651:INFO:Soft dependency imported: catboost: 1.2.5
2024-06-05 12:19:18,652:INFO:Engine successfully changes for model 'svm' to 'sklearn'.
2024-06-05 12:19:18,765:INFO:Soft dependency imported: xgboost: 2.0.3
2024-06-05 12:19:18,768:INFO:Soft dependency imported: catboost: 1.2.5
2024-06-05 12:19:18,906:INFO:Soft dependency imported: xgboost: 2.0.3
2024-06-05 12:19:18,909:INFO:Soft dependency imported: catboost: 1.2.5
2024-06-05 12:19:18,918:INFO:Preparing preprocessing pipeline...
2024-06-05 12:19:18,918:INFO:Set up simple imputation.
2024-06-05 12:19:18,922:INFO:Set up encoding of ordinal features.
2024-06-05 12:19:18,925:INFO:Set up encoding of categorical features.
2024-06-05 12:19:18,925:INFO:Set up removing outliers.
2024-06-05 12:19:18,926:INFO:Set up column name cleaning.
2024-06-05 12:19:19,269:INFO:Finished creating preprocessing pipeline.
2024-06-05 12:19:19,322:INFO:Pipeline: Pipeline(memory=FastMemory(location=/tmp/joblib),
         steps=[('numerical_imputer',
                 TransformerWrapper(include=['Age', 'Sleep Duration',
                                             'Quality of Sleep',
                                             'Physical Activity Level', 'BPH',
                                             'BPL', 'BPD', 'Heart Rate',
                                             'Daily Steps'],
                                    transformer=SimpleImputer())),
                ('categorical_imputer',
                 TransformerWrapper(include=['Gender', 'Occupation',
                                             'BMI Category', 'Sleep Disorder'],
                                    tran...
dtype: int64}]))),
                ('onehot_encoding',
                 TransformerWrapper(include=['Occupation', 'BMI Category'],
                                    transformer=OneHotEncoder(cols=['Occupation',
                                                                    'BMI '
                                                                    'Category'],
                                                              handle_missing='return_nan',
                                                              use_cat_names=True))),
                ('remove_outliers',
                 TransformerWrapper(transformer=RemoveOutliers(random_state=123))),
                ('clean_column_names',
                 TransformerWrapper(transformer=CleanColumnNames()))])
2024-06-05 12:19:19,322:INFO:Creating final display dataframe.
2024-06-05 12:19:20,144:INFO:Setup _display_container:                     Description             Value
0                    Session id               123
1                        Target      Stress Level
2                   Target type        Regression
3           Original data shape         (374, 14)
4        Transformed data shape         (361, 26)
5   Transformed train set shape         (248, 26)
6    Transformed test set shape         (113, 26)
7              Numeric features                 9
8          Categorical features                 4
9      Rows with missing values             58.6%
10                   Preprocess              True
11              Imputation type            simple
12           Numeric imputation              mean
13       Categorical imputation              mode
14     Maximum one-hot encoding                25
15              Encoding method              None
16              Remove outliers              True
17           Outliers threshold              0.05
18               Fold Generator             KFold
19                  Fold Number                10
20                     CPU Jobs                -1
21                      Use GPU             False
22               Log Experiment             False
23              Experiment Name  reg-default-name
24                          USI              c6ca
2024-06-05 12:19:20,248:INFO:Soft dependency imported: xgboost: 2.0.3
2024-06-05 12:19:20,251:INFO:Soft dependency imported: catboost: 1.2.5
2024-06-05 12:19:20,352:INFO:Soft dependency imported: xgboost: 2.0.3
2024-06-05 12:19:20,354:INFO:Soft dependency imported: catboost: 1.2.5
2024-06-05 12:19:20,355:INFO:setup() successfully completed in 3.56s...............
2024-06-05 12:19:20,362:INFO:Initializing compare_models()
2024-06-05 12:19:20,362:INFO:compare_models(self=<pycaret.regression.oop.RegressionExperiment object at 0x7b9520f1e6e0>, include=None, fold=None, round=4, cross_validation=True, sort=R2, n_select=1, budget_time=None, turbo=True, errors=ignore, fit_kwargs=None, groups=None, experiment_custom_tags=None, probability_threshold=None, verbose=True, parallel=None, caller_params={'self': <pycaret.regression.oop.RegressionExperiment object at 0x7b9520f1e6e0>, 'include': None, 'exclude': ['dummy', 'catboost'], 'fold': None, 'round': 4, 'cross_validation': True, 'sort': 'R2', 'n_select': 1, 'budget_time': None, 'turbo': True, 'errors': 'ignore', 'fit_kwargs': None, 'groups': None, 'experiment_custom_tags': None, 'engine': None, 'verbose': True, 'parallel': None, '__class__': <class 'pycaret.regression.oop.RegressionExperiment'>}, exclude=['dummy', 'catboost'])
2024-06-05 12:19:20,362:INFO:Checking exceptions
2024-06-05 12:19:20,365:INFO:Preparing display monitor
2024-06-05 12:19:20,381:INFO:Initializing Linear Regression
2024-06-05 12:19:20,381:INFO:Total runtime is 1.2095769246419271e-05 minutes
2024-06-05 12:19:20,382:INFO:SubProcess create_model() called ==================================
2024-06-05 12:19:20,382:INFO:Initializing create_model()
2024-06-05 12:19:20,382:INFO:create_model(self=<pycaret.regression.oop.RegressionExperiment object at 0x7b9520f1e6e0>, estimator=lr, fold=KFold(n_splits=10, random_state=None, shuffle=False), round=4, cross_validation=True, predict=True, fit_kwargs={}, groups=None, refit=False, probability_threshold=None, experiment_custom_tags=None, verbose=False, system=False, add_to_model_list=True, metrics=None, display=<pycaret.internal.display.display.CommonDisplay object at 0x7b951b7d20b0>, model_only=True, return_train_score=False, error_score=0.0, kwargs={})
2024-06-05 12:19:20,383:INFO:Checking exceptions
2024-06-05 12:19:20,383:INFO:Importing libraries
2024-06-05 12:19:20,383:INFO:Copying training dataset
2024-06-05 12:19:20,388:INFO:Defining folds
2024-06-05 12:19:20,388:INFO:Declaring metric variables
2024-06-05 12:19:20,389:INFO:Importing untrained model
2024-06-05 12:19:20,389:INFO:Linear Regression Imported successfully
2024-06-05 12:19:20,390:INFO:Starting cross validation
2024-06-05 12:19:20,403:INFO:Cross validating with KFold(n_splits=10, random_state=None, shuffle=False), n_jobs=-1
2024-06-05 12:19:25,268:INFO:Calculating mean and std
2024-06-05 12:19:25,269:INFO:Creating metrics dataframe
2024-06-05 12:19:25,272:INFO:Uploading results into container
2024-06-05 12:19:25,273:INFO:Uploading model into container now
2024-06-05 12:19:25,274:INFO:_master_model_container: 1
2024-06-05 12:19:25,274:INFO:_display_container: 2
2024-06-05 12:19:25,274:INFO:LinearRegression(n_jobs=-1)
2024-06-05 12:19:25,275:INFO:create_model() successfully completed......................................
2024-06-05 12:19:25,386:INFO:SubProcess create_model() end ==================================
2024-06-05 12:19:25,387:INFO:Creating metrics dataframe
2024-06-05 12:19:25,389:INFO:Initializing Lasso Regression
2024-06-05 12:19:25,390:INFO:Total runtime is 0.08348273436228434 minutes
2024-06-05 12:19:25,390:INFO:SubProcess create_model() called ==================================
2024-06-05 12:19:25,390:INFO:Initializing create_model()
2024-06-05 12:19:25,391:INFO:create_model(self=<pycaret.regression.oop.RegressionExperiment object at 0x7b9520f1e6e0>, estimator=lasso, fold=KFold(n_splits=10, random_state=None, shuffle=False), round=4, cross_validation=True, predict=True, fit_kwargs={}, groups=None, refit=False, probability_threshold=None, experiment_custom_tags=None, verbose=False, system=False, add_to_model_list=True, metrics=None, display=<pycaret.internal.display.display.CommonDisplay object at 0x7b951b7d20b0>, model_only=True, return_train_score=False, error_score=0.0, kwargs={})
2024-06-05 12:19:25,391:INFO:Checking exceptions
2024-06-05 12:19:25,391:INFO:Importing libraries
2024-06-05 12:19:25,391:INFO:Copying training dataset
2024-06-05 12:19:25,396:INFO:Defining folds
2024-06-05 12:19:25,396:INFO:Declaring metric variables
2024-06-05 12:19:25,396:INFO:Importing untrained model
2024-06-05 12:19:25,397:INFO:Lasso Regression Imported successfully
2024-06-05 12:19:25,397:INFO:Starting cross validation
2024-06-05 12:19:25,407:INFO:Cross validating with KFold(n_splits=10, random_state=None, shuffle=False), n_jobs=-1
2024-06-05 12:19:27,235:INFO:Calculating mean and std
2024-06-05 12:19:27,237:INFO:Creating metrics dataframe
2024-06-05 12:19:27,240:INFO:Uploading results into container
2024-06-05 12:19:27,241:INFO:Uploading model into container now
2024-06-05 12:19:27,241:INFO:_master_model_container: 2
2024-06-05 12:19:27,242:INFO:_display_container: 2
2024-06-05 12:19:27,242:INFO:Lasso(random_state=123)
2024-06-05 12:19:27,242:INFO:create_model() successfully completed......................................
2024-06-05 12:19:27,333:INFO:SubProcess create_model() end ==================================
2024-06-05 12:19:27,334:INFO:Creating metrics dataframe
2024-06-05 12:19:27,337:INFO:Initializing Ridge Regression
2024-06-05 12:19:27,337:INFO:Total runtime is 0.11594198147455852 minutes
2024-06-05 12:19:27,338:INFO:SubProcess create_model() called ==================================
2024-06-05 12:19:27,338:INFO:Initializing create_model()
2024-06-05 12:19:27,338:INFO:create_model(self=<pycaret.regression.oop.RegressionExperiment object at 0x7b9520f1e6e0>, estimator=ridge, fold=KFold(n_splits=10, random_state=None, shuffle=False), round=4, cross_validation=True, predict=True, fit_kwargs={}, groups=None, refit=False, probability_threshold=None, experiment_custom_tags=None, verbose=False, system=False, add_to_model_list=True, metrics=None, display=<pycaret.internal.display.display.CommonDisplay object at 0x7b951b7d20b0>, model_only=True, return_train_score=False, error_score=0.0, kwargs={})
2024-06-05 12:19:27,338:INFO:Checking exceptions
2024-06-05 12:19:27,339:INFO:Importing libraries
2024-06-05 12:19:27,339:INFO:Copying training dataset
2024-06-05 12:19:27,343:INFO:Defining folds
2024-06-05 12:19:27,343:INFO:Declaring metric variables
2024-06-05 12:19:27,344:INFO:Importing untrained model
2024-06-05 12:19:27,344:INFO:Ridge Regression Imported successfully
2024-06-05 12:19:27,345:INFO:Starting cross validation
2024-06-05 12:19:27,354:INFO:Cross validating with KFold(n_splits=10, random_state=None, shuffle=False), n_jobs=-1
2024-06-05 12:19:29,145:INFO:Calculating mean and std
2024-06-05 12:19:29,146:INFO:Creating metrics dataframe
2024-06-05 12:19:29,148:INFO:Uploading results into container
2024-06-05 12:19:29,149:INFO:Uploading model into container now
2024-06-05 12:19:29,149:INFO:_master_model_container: 3
2024-06-05 12:19:29,150:INFO:_display_container: 2
2024-06-05 12:19:29,150:INFO:Ridge(random_state=123)
2024-06-05 12:19:29,151:INFO:create_model() successfully completed......................................
2024-06-05 12:19:29,243:INFO:SubProcess create_model() end ==================================
2024-06-05 12:19:29,243:INFO:Creating metrics dataframe
2024-06-05 12:19:29,246:INFO:Initializing Elastic Net
2024-06-05 12:19:29,247:INFO:Total runtime is 0.14777092933654784 minutes
2024-06-05 12:19:29,247:INFO:SubProcess create_model() called ==================================
2024-06-05 12:19:29,248:INFO:Initializing create_model()
2024-06-05 12:19:29,248:INFO:create_model(self=<pycaret.regression.oop.RegressionExperiment object at 0x7b9520f1e6e0>, estimator=en, fold=KFold(n_splits=10, random_state=None, shuffle=False), round=4, cross_validation=True, predict=True, fit_kwargs={}, groups=None, refit=False, probability_threshold=None, experiment_custom_tags=None, verbose=False, system=False, add_to_model_list=True, metrics=None, display=<pycaret.internal.display.display.CommonDisplay object at 0x7b951b7d20b0>, model_only=True, return_train_score=False, error_score=0.0, kwargs={})
2024-06-05 12:19:29,248:INFO:Checking exceptions
2024-06-05 12:19:29,248:INFO:Importing libraries
2024-06-05 12:19:29,249:INFO:Copying training dataset
2024-06-05 12:19:29,255:INFO:Defining folds
2024-06-05 12:19:29,255:INFO:Declaring metric variables
2024-06-05 12:19:29,255:INFO:Importing untrained model
2024-06-05 12:19:29,256:INFO:Elastic Net Imported successfully
2024-06-05 12:19:29,256:INFO:Starting cross validation
2024-06-05 12:19:29,267:INFO:Cross validating with KFold(n_splits=10, random_state=None, shuffle=False), n_jobs=-1
2024-06-05 12:19:31,252:INFO:Calculating mean and std
2024-06-05 12:19:31,253:INFO:Creating metrics dataframe
2024-06-05 12:19:31,255:INFO:Uploading results into container
2024-06-05 12:19:31,256:INFO:Uploading model into container now
2024-06-05 12:19:31,256:INFO:_master_model_container: 4
2024-06-05 12:19:31,257:INFO:_display_container: 2
2024-06-05 12:19:31,257:INFO:ElasticNet(random_state=123)
2024-06-05 12:19:31,257:INFO:create_model() successfully completed......................................
2024-06-05 12:19:31,349:INFO:SubProcess create_model() end ==================================
2024-06-05 12:19:31,350:INFO:Creating metrics dataframe
2024-06-05 12:19:31,352:INFO:Initializing Least Angle Regression
2024-06-05 12:19:31,353:INFO:Total runtime is 0.18286715348561605 minutes
2024-06-05 12:19:31,353:INFO:SubProcess create_model() called ==================================
2024-06-05 12:19:31,354:INFO:Initializing create_model()
2024-06-05 12:19:31,354:INFO:create_model(self=<pycaret.regression.oop.RegressionExperiment object at 0x7b9520f1e6e0>, estimator=lar, fold=KFold(n_splits=10, random_state=None, shuffle=False), round=4, cross_validation=True, predict=True, fit_kwargs={}, groups=None, refit=False, probability_threshold=None, experiment_custom_tags=None, verbose=False, system=False, add_to_model_list=True, metrics=None, display=<pycaret.internal.display.display.CommonDisplay object at 0x7b951b7d20b0>, model_only=True, return_train_score=False, error_score=0.0, kwargs={})
2024-06-05 12:19:31,354:INFO:Checking exceptions
2024-06-05 12:19:31,354:INFO:Importing libraries
2024-06-05 12:19:31,354:INFO:Copying training dataset
2024-06-05 12:19:31,360:INFO:Defining folds
2024-06-05 12:19:31,360:INFO:Declaring metric variables
2024-06-05 12:19:31,361:INFO:Importing untrained model
2024-06-05 12:19:31,361:INFO:Least Angle Regression Imported successfully
2024-06-05 12:19:31,362:INFO:Starting cross validation
2024-06-05 12:19:31,371:INFO:Cross validating with KFold(n_splits=10, random_state=None, shuffle=False), n_jobs=-1
2024-06-05 12:19:33,272:INFO:Calculating mean and std
2024-06-05 12:19:33,273:INFO:Creating metrics dataframe
2024-06-05 12:19:33,275:INFO:Uploading results into container
2024-06-05 12:19:33,276:INFO:Uploading model into container now
2024-06-05 12:19:33,276:INFO:_master_model_container: 5
2024-06-05 12:19:33,277:INFO:_display_container: 2
2024-06-05 12:19:33,277:INFO:Lars(random_state=123)
2024-06-05 12:19:33,277:INFO:create_model() successfully completed......................................
2024-06-05 12:19:33,372:INFO:SubProcess create_model() end ==================================
2024-06-05 12:19:33,372:INFO:Creating metrics dataframe
2024-06-05 12:19:33,375:INFO:Initializing Lasso Least Angle Regression
2024-06-05 12:19:33,375:INFO:Total runtime is 0.21657553911209107 minutes
2024-06-05 12:19:33,376:INFO:SubProcess create_model() called ==================================
2024-06-05 12:19:33,376:INFO:Initializing create_model()
2024-06-05 12:19:33,376:INFO:create_model(self=<pycaret.regression.oop.RegressionExperiment object at 0x7b9520f1e6e0>, estimator=llar, fold=KFold(n_splits=10, random_state=None, shuffle=False), round=4, cross_validation=True, predict=True, fit_kwargs={}, groups=None, refit=False, probability_threshold=None, experiment_custom_tags=None, verbose=False, system=False, add_to_model_list=True, metrics=None, display=<pycaret.internal.display.display.CommonDisplay object at 0x7b951b7d20b0>, model_only=True, return_train_score=False, error_score=0.0, kwargs={})
2024-06-05 12:19:33,377:INFO:Checking exceptions
2024-06-05 12:19:33,377:INFO:Importing libraries
2024-06-05 12:19:33,377:INFO:Copying training dataset
2024-06-05 12:19:33,383:INFO:Defining folds
2024-06-05 12:19:33,383:INFO:Declaring metric variables
2024-06-05 12:19:33,384:INFO:Importing untrained model
2024-06-05 12:19:33,384:INFO:Lasso Least Angle Regression Imported successfully
2024-06-05 12:19:33,385:INFO:Starting cross validation
2024-06-05 12:19:33,394:INFO:Cross validating with KFold(n_splits=10, random_state=None, shuffle=False), n_jobs=-1
2024-06-05 12:19:35,234:INFO:Calculating mean and std
2024-06-05 12:19:35,235:INFO:Creating metrics dataframe
2024-06-05 12:19:35,237:INFO:Uploading results into container
2024-06-05 12:19:35,238:INFO:Uploading model into container now
2024-06-05 12:19:35,238:INFO:_master_model_container: 6
2024-06-05 12:19:35,239:INFO:_display_container: 2
2024-06-05 12:19:35,239:INFO:LassoLars(random_state=123)
2024-06-05 12:19:35,239:INFO:create_model() successfully completed......................................
2024-06-05 12:19:35,333:INFO:SubProcess create_model() end ==================================
2024-06-05 12:19:35,333:INFO:Creating metrics dataframe
2024-06-05 12:19:35,337:INFO:Initializing Orthogonal Matching Pursuit
2024-06-05 12:19:35,337:INFO:Total runtime is 0.24927136103312175 minutes
2024-06-05 12:19:35,337:INFO:SubProcess create_model() called ==================================
2024-06-05 12:19:35,338:INFO:Initializing create_model()
2024-06-05 12:19:35,338:INFO:create_model(self=<pycaret.regression.oop.RegressionExperiment object at 0x7b9520f1e6e0>, estimator=omp, fold=KFold(n_splits=10, random_state=None, shuffle=False), round=4, cross_validation=True, predict=True, fit_kwargs={}, groups=None, refit=False, probability_threshold=None, experiment_custom_tags=None, verbose=False, system=False, add_to_model_list=True, metrics=None, display=<pycaret.internal.display.display.CommonDisplay object at 0x7b951b7d20b0>, model_only=True, return_train_score=False, error_score=0.0, kwargs={})
2024-06-05 12:19:35,338:INFO:Checking exceptions
2024-06-05 12:19:35,338:INFO:Importing libraries
2024-06-05 12:19:35,339:INFO:Copying training dataset
2024-06-05 12:19:35,345:INFO:Defining folds
2024-06-05 12:19:35,345:INFO:Declaring metric variables
2024-06-05 12:19:35,345:INFO:Importing untrained model
2024-06-05 12:19:35,346:INFO:Orthogonal Matching Pursuit Imported successfully
2024-06-05 12:19:35,346:INFO:Starting cross validation
2024-06-05 12:19:35,357:INFO:Cross validating with KFold(n_splits=10, random_state=None, shuffle=False), n_jobs=-1
2024-06-05 12:19:37,319:INFO:Calculating mean and std
2024-06-05 12:19:37,320:INFO:Creating metrics dataframe
2024-06-05 12:19:37,323:INFO:Uploading results into container
2024-06-05 12:19:37,323:INFO:Uploading model into container now
2024-06-05 12:19:37,324:INFO:_master_model_container: 7
2024-06-05 12:19:37,324:INFO:_display_container: 2
2024-06-05 12:19:37,325:INFO:OrthogonalMatchingPursuit()
2024-06-05 12:19:37,325:INFO:create_model() successfully completed......................................
2024-06-05 12:19:37,427:INFO:SubProcess create_model() end ==================================
2024-06-05 12:19:37,428:INFO:Creating metrics dataframe
2024-06-05 12:19:37,431:INFO:Initializing Bayesian Ridge
2024-06-05 12:19:37,431:INFO:Total runtime is 0.2841801246007284 minutes
2024-06-05 12:19:37,432:INFO:SubProcess create_model() called ==================================
2024-06-05 12:19:37,432:INFO:Initializing create_model()
2024-06-05 12:19:37,433:INFO:create_model(self=<pycaret.regression.oop.RegressionExperiment object at 0x7b9520f1e6e0>, estimator=br, fold=KFold(n_splits=10, random_state=None, shuffle=False), round=4, cross_validation=True, predict=True, fit_kwargs={}, groups=None, refit=False, probability_threshold=None, experiment_custom_tags=None, verbose=False, system=False, add_to_model_list=True, metrics=None, display=<pycaret.internal.display.display.CommonDisplay object at 0x7b951b7d20b0>, model_only=True, return_train_score=False, error_score=0.0, kwargs={})
2024-06-05 12:19:37,433:INFO:Checking exceptions
2024-06-05 12:19:37,433:INFO:Importing libraries
2024-06-05 12:19:37,433:INFO:Copying training dataset
2024-06-05 12:19:37,438:INFO:Defining folds
2024-06-05 12:19:37,438:INFO:Declaring metric variables
2024-06-05 12:19:37,438:INFO:Importing untrained model
2024-06-05 12:19:37,439:INFO:Bayesian Ridge Imported successfully
2024-06-05 12:19:37,440:INFO:Starting cross validation
2024-06-05 12:19:37,449:INFO:Cross validating with KFold(n_splits=10, random_state=None, shuffle=False), n_jobs=-1
2024-06-05 12:19:39,214:INFO:Calculating mean and std
2024-06-05 12:19:39,215:INFO:Creating metrics dataframe
2024-06-05 12:19:39,218:INFO:Uploading results into container
2024-06-05 12:19:39,219:INFO:Uploading model into container now
2024-06-05 12:19:39,219:INFO:_master_model_container: 8
2024-06-05 12:19:39,219:INFO:_display_container: 2
2024-06-05 12:19:39,220:INFO:BayesianRidge()
2024-06-05 12:19:39,220:INFO:create_model() successfully completed......................................
2024-06-05 12:19:39,314:INFO:SubProcess create_model() end ==================================
2024-06-05 12:19:39,315:INFO:Creating metrics dataframe
2024-06-05 12:19:39,318:INFO:Initializing Passive Aggressive Regressor
2024-06-05 12:19:39,318:INFO:Total runtime is 0.3156220396359762 minutes
2024-06-05 12:19:39,318:INFO:SubProcess create_model() called ==================================
2024-06-05 12:19:39,319:INFO:Initializing create_model()
2024-06-05 12:19:39,319:INFO:create_model(self=<pycaret.regression.oop.RegressionExperiment object at 0x7b9520f1e6e0>, estimator=par, fold=KFold(n_splits=10, random_state=None, shuffle=False), round=4, cross_validation=True, predict=True, fit_kwargs={}, groups=None, refit=False, probability_threshold=None, experiment_custom_tags=None, verbose=False, system=False, add_to_model_list=True, metrics=None, display=<pycaret.internal.display.display.CommonDisplay object at 0x7b951b7d20b0>, model_only=True, return_train_score=False, error_score=0.0, kwargs={})
2024-06-05 12:19:39,319:INFO:Checking exceptions
2024-06-05 12:19:39,319:INFO:Importing libraries
2024-06-05 12:19:39,319:INFO:Copying training dataset
2024-06-05 12:19:39,325:INFO:Defining folds
2024-06-05 12:19:39,325:INFO:Declaring metric variables
2024-06-05 12:19:39,326:INFO:Importing untrained model
2024-06-05 12:19:39,326:INFO:Passive Aggressive Regressor Imported successfully
2024-06-05 12:19:39,327:INFO:Starting cross validation
2024-06-05 12:19:39,337:INFO:Cross validating with KFold(n_splits=10, random_state=None, shuffle=False), n_jobs=-1
2024-06-05 12:19:41,261:INFO:Calculating mean and std
2024-06-05 12:19:41,262:INFO:Creating metrics dataframe
2024-06-05 12:19:41,264:INFO:Uploading results into container
2024-06-05 12:19:41,265:INFO:Uploading model into container now
2024-06-05 12:19:41,266:INFO:_master_model_container: 9
2024-06-05 12:19:41,266:INFO:_display_container: 2
2024-06-05 12:19:41,266:INFO:PassiveAggressiveRegressor(random_state=123)
2024-06-05 12:19:41,267:INFO:create_model() successfully completed......................................
2024-06-05 12:19:41,398:INFO:SubProcess create_model() end ==================================
2024-06-05 12:19:41,399:INFO:Creating metrics dataframe
2024-06-05 12:19:41,403:INFO:Initializing Huber Regressor
2024-06-05 12:19:41,403:INFO:Total runtime is 0.35037262837092087 minutes
2024-06-05 12:19:41,404:INFO:SubProcess create_model() called ==================================
2024-06-05 12:19:41,404:INFO:Initializing create_model()
2024-06-05 12:19:41,404:INFO:create_model(self=<pycaret.regression.oop.RegressionExperiment object at 0x7b9520f1e6e0>, estimator=huber, fold=KFold(n_splits=10, random_state=None, shuffle=False), round=4, cross_validation=True, predict=True, fit_kwargs={}, groups=None, refit=False, probability_threshold=None, experiment_custom_tags=None, verbose=False, system=False, add_to_model_list=True, metrics=None, display=<pycaret.internal.display.display.CommonDisplay object at 0x7b951b7d20b0>, model_only=True, return_train_score=False, error_score=0.0, kwargs={})
2024-06-05 12:19:41,405:INFO:Checking exceptions
2024-06-05 12:19:41,405:INFO:Importing libraries
2024-06-05 12:19:41,405:INFO:Copying training dataset
2024-06-05 12:19:41,411:INFO:Defining folds
2024-06-05 12:19:41,412:INFO:Declaring metric variables
2024-06-05 12:19:41,412:INFO:Importing untrained model
2024-06-05 12:19:41,413:INFO:Huber Regressor Imported successfully
2024-06-05 12:19:41,413:INFO:Starting cross validation
2024-06-05 12:19:41,429:INFO:Cross validating with KFold(n_splits=10, random_state=None, shuffle=False), n_jobs=-1
2024-06-05 12:19:41,831:WARNING:/usr/local/python/3.10.13/lib/python3.10/site-packages/sklearn/linear_model/_huber.py:342: ConvergenceWarning: lbfgs failed to converge (status=1):
STOP: TOTAL NO. of ITERATIONS REACHED LIMIT.

Increase the number of iterations (max_iter) or scale the data as shown in:
    https://scikit-learn.org/stable/modules/preprocessing.html
  self.n_iter_ = _check_optimize_result("lbfgs", opt_res, self.max_iter)

2024-06-05 12:19:41,860:WARNING:/usr/local/python/3.10.13/lib/python3.10/site-packages/sklearn/linear_model/_huber.py:342: ConvergenceWarning: lbfgs failed to converge (status=1):
STOP: TOTAL NO. of ITERATIONS REACHED LIMIT.

Increase the number of iterations (max_iter) or scale the data as shown in:
    https://scikit-learn.org/stable/modules/preprocessing.html
  self.n_iter_ = _check_optimize_result("lbfgs", opt_res, self.max_iter)

2024-06-05 12:19:42,342:WARNING:/usr/local/python/3.10.13/lib/python3.10/site-packages/sklearn/linear_model/_huber.py:342: ConvergenceWarning: lbfgs failed to converge (status=1):
STOP: TOTAL NO. of ITERATIONS REACHED LIMIT.

Increase the number of iterations (max_iter) or scale the data as shown in:
    https://scikit-learn.org/stable/modules/preprocessing.html
  self.n_iter_ = _check_optimize_result("lbfgs", opt_res, self.max_iter)

2024-06-05 12:19:42,425:WARNING:/usr/local/python/3.10.13/lib/python3.10/site-packages/sklearn/linear_model/_huber.py:342: ConvergenceWarning: lbfgs failed to converge (status=1):
STOP: TOTAL NO. of ITERATIONS REACHED LIMIT.

Increase the number of iterations (max_iter) or scale the data as shown in:
    https://scikit-learn.org/stable/modules/preprocessing.html
  self.n_iter_ = _check_optimize_result("lbfgs", opt_res, self.max_iter)

2024-06-05 12:19:42,786:WARNING:/usr/local/python/3.10.13/lib/python3.10/site-packages/sklearn/linear_model/_huber.py:342: ConvergenceWarning: lbfgs failed to converge (status=1):
STOP: TOTAL NO. of ITERATIONS REACHED LIMIT.

Increase the number of iterations (max_iter) or scale the data as shown in:
    https://scikit-learn.org/stable/modules/preprocessing.html
  self.n_iter_ = _check_optimize_result("lbfgs", opt_res, self.max_iter)

2024-06-05 12:19:42,877:WARNING:/usr/local/python/3.10.13/lib/python3.10/site-packages/sklearn/linear_model/_huber.py:342: ConvergenceWarning: lbfgs failed to converge (status=1):
STOP: TOTAL NO. of ITERATIONS REACHED LIMIT.

Increase the number of iterations (max_iter) or scale the data as shown in:
    https://scikit-learn.org/stable/modules/preprocessing.html
  self.n_iter_ = _check_optimize_result("lbfgs", opt_res, self.max_iter)

2024-06-05 12:19:43,184:WARNING:/usr/local/python/3.10.13/lib/python3.10/site-packages/sklearn/linear_model/_huber.py:342: ConvergenceWarning: lbfgs failed to converge (status=1):
STOP: TOTAL NO. of ITERATIONS REACHED LIMIT.

Increase the number of iterations (max_iter) or scale the data as shown in:
    https://scikit-learn.org/stable/modules/preprocessing.html
  self.n_iter_ = _check_optimize_result("lbfgs", opt_res, self.max_iter)

2024-06-05 12:19:43,260:WARNING:/usr/local/python/3.10.13/lib/python3.10/site-packages/sklearn/linear_model/_huber.py:342: ConvergenceWarning: lbfgs failed to converge (status=1):
STOP: TOTAL NO. of ITERATIONS REACHED LIMIT.

Increase the number of iterations (max_iter) or scale the data as shown in:
    https://scikit-learn.org/stable/modules/preprocessing.html
  self.n_iter_ = _check_optimize_result("lbfgs", opt_res, self.max_iter)

2024-06-05 12:19:43,559:WARNING:/usr/local/python/3.10.13/lib/python3.10/site-packages/sklearn/linear_model/_huber.py:342: ConvergenceWarning: lbfgs failed to converge (status=1):
STOP: TOTAL NO. of ITERATIONS REACHED LIMIT.

Increase the number of iterations (max_iter) or scale the data as shown in:
    https://scikit-learn.org/stable/modules/preprocessing.html
  self.n_iter_ = _check_optimize_result("lbfgs", opt_res, self.max_iter)

2024-06-05 12:19:43,618:WARNING:/usr/local/python/3.10.13/lib/python3.10/site-packages/sklearn/linear_model/_huber.py:342: ConvergenceWarning: lbfgs failed to converge (status=1):
STOP: TOTAL NO. of ITERATIONS REACHED LIMIT.

Increase the number of iterations (max_iter) or scale the data as shown in:
    https://scikit-learn.org/stable/modules/preprocessing.html
  self.n_iter_ = _check_optimize_result("lbfgs", opt_res, self.max_iter)

2024-06-05 12:19:43,649:INFO:Calculating mean and std
2024-06-05 12:19:43,651:INFO:Creating metrics dataframe
2024-06-05 12:19:43,653:INFO:Uploading results into container
2024-06-05 12:19:43,653:INFO:Uploading model into container now
2024-06-05 12:19:43,654:INFO:_master_model_container: 10
2024-06-05 12:19:43,654:INFO:_display_container: 2
2024-06-05 12:19:43,655:INFO:HuberRegressor()
2024-06-05 12:19:43,655:INFO:create_model() successfully completed......................................
2024-06-05 12:19:43,752:INFO:SubProcess create_model() end ==================================
2024-06-05 12:19:43,752:INFO:Creating metrics dataframe
2024-06-05 12:19:43,755:INFO:Initializing K Neighbors Regressor
2024-06-05 12:19:43,755:INFO:Total runtime is 0.38957678874333707 minutes
2024-06-05 12:19:43,756:INFO:SubProcess create_model() called ==================================
2024-06-05 12:19:43,756:INFO:Initializing create_model()
2024-06-05 12:19:43,756:INFO:create_model(self=<pycaret.regression.oop.RegressionExperiment object at 0x7b9520f1e6e0>, estimator=knn, fold=KFold(n_splits=10, random_state=None, shuffle=False), round=4, cross_validation=True, predict=True, fit_kwargs={}, groups=None, refit=False, probability_threshold=None, experiment_custom_tags=None, verbose=False, system=False, add_to_model_list=True, metrics=None, display=<pycaret.internal.display.display.CommonDisplay object at 0x7b951b7d20b0>, model_only=True, return_train_score=False, error_score=0.0, kwargs={})
2024-06-05 12:19:43,757:INFO:Checking exceptions
2024-06-05 12:19:43,757:INFO:Importing libraries
2024-06-05 12:19:43,757:INFO:Copying training dataset
2024-06-05 12:19:43,763:INFO:Defining folds
2024-06-05 12:19:43,764:INFO:Declaring metric variables
2024-06-05 12:19:43,764:INFO:Importing untrained model
2024-06-05 12:19:43,765:INFO:K Neighbors Regressor Imported successfully
2024-06-05 12:19:43,765:INFO:Starting cross validation
2024-06-05 12:19:43,775:INFO:Cross validating with KFold(n_splits=10, random_state=None, shuffle=False), n_jobs=-1
2024-06-05 12:19:45,671:INFO:Calculating mean and std
2024-06-05 12:19:45,672:INFO:Creating metrics dataframe
2024-06-05 12:19:45,675:INFO:Uploading results into container
2024-06-05 12:19:45,675:INFO:Uploading model into container now
2024-06-05 12:19:45,676:INFO:_master_model_container: 11
2024-06-05 12:19:45,676:INFO:_display_container: 2
2024-06-05 12:19:45,677:INFO:KNeighborsRegressor(n_jobs=-1)
2024-06-05 12:19:45,677:INFO:create_model() successfully completed......................................
2024-06-05 12:19:45,772:INFO:SubProcess create_model() end ==================================
2024-06-05 12:19:45,773:INFO:Creating metrics dataframe
2024-06-05 12:19:45,777:INFO:Initializing Decision Tree Regressor
2024-06-05 12:19:45,777:INFO:Total runtime is 0.42327298720677703 minutes
2024-06-05 12:19:45,777:INFO:SubProcess create_model() called ==================================
2024-06-05 12:19:45,778:INFO:Initializing create_model()
2024-06-05 12:19:45,778:INFO:create_model(self=<pycaret.regression.oop.RegressionExperiment object at 0x7b9520f1e6e0>, estimator=dt, fold=KFold(n_splits=10, random_state=None, shuffle=False), round=4, cross_validation=True, predict=True, fit_kwargs={}, groups=None, refit=False, probability_threshold=None, experiment_custom_tags=None, verbose=False, system=False, add_to_model_list=True, metrics=None, display=<pycaret.internal.display.display.CommonDisplay object at 0x7b951b7d20b0>, model_only=True, return_train_score=False, error_score=0.0, kwargs={})
2024-06-05 12:19:45,778:INFO:Checking exceptions
2024-06-05 12:19:45,779:INFO:Importing libraries
2024-06-05 12:19:45,779:INFO:Copying training dataset
2024-06-05 12:19:45,783:INFO:Defining folds
2024-06-05 12:19:45,783:INFO:Declaring metric variables
2024-06-05 12:19:45,784:INFO:Importing untrained model
2024-06-05 12:19:45,785:INFO:Decision Tree Regressor Imported successfully
2024-06-05 12:19:45,785:INFO:Starting cross validation
2024-06-05 12:19:45,794:INFO:Cross validating with KFold(n_splits=10, random_state=None, shuffle=False), n_jobs=-1
2024-06-05 12:19:47,790:INFO:Calculating mean and std
2024-06-05 12:19:47,792:INFO:Creating metrics dataframe
2024-06-05 12:19:47,794:INFO:Uploading results into container
2024-06-05 12:19:47,795:INFO:Uploading model into container now
2024-06-05 12:19:47,795:INFO:_master_model_container: 12
2024-06-05 12:19:47,795:INFO:_display_container: 2
2024-06-05 12:19:47,796:INFO:DecisionTreeRegressor(random_state=123)
2024-06-05 12:19:47,796:INFO:create_model() successfully completed......................................
2024-06-05 12:19:47,891:INFO:SubProcess create_model() end ==================================
2024-06-05 12:19:47,891:INFO:Creating metrics dataframe
2024-06-05 12:19:47,894:INFO:Initializing Random Forest Regressor
2024-06-05 12:19:47,894:INFO:Total runtime is 0.4585594852765402 minutes
2024-06-05 12:19:47,895:INFO:SubProcess create_model() called ==================================
2024-06-05 12:19:47,895:INFO:Initializing create_model()
2024-06-05 12:19:47,895:INFO:create_model(self=<pycaret.regression.oop.RegressionExperiment object at 0x7b9520f1e6e0>, estimator=rf, fold=KFold(n_splits=10, random_state=None, shuffle=False), round=4, cross_validation=True, predict=True, fit_kwargs={}, groups=None, refit=False, probability_threshold=None, experiment_custom_tags=None, verbose=False, system=False, add_to_model_list=True, metrics=None, display=<pycaret.internal.display.display.CommonDisplay object at 0x7b951b7d20b0>, model_only=True, return_train_score=False, error_score=0.0, kwargs={})
2024-06-05 12:19:47,896:INFO:Checking exceptions
2024-06-05 12:19:47,896:INFO:Importing libraries
2024-06-05 12:19:47,896:INFO:Copying training dataset
2024-06-05 12:19:47,900:INFO:Defining folds
2024-06-05 12:19:47,901:INFO:Declaring metric variables
2024-06-05 12:19:47,901:INFO:Importing untrained model
2024-06-05 12:19:47,902:INFO:Random Forest Regressor Imported successfully
2024-06-05 12:19:47,902:INFO:Starting cross validation
2024-06-05 12:19:47,912:INFO:Cross validating with KFold(n_splits=10, random_state=None, shuffle=False), n_jobs=-1
2024-06-05 12:19:50,832:INFO:Calculating mean and std
2024-06-05 12:19:50,833:INFO:Creating metrics dataframe
2024-06-05 12:19:50,835:INFO:Uploading results into container
2024-06-05 12:19:50,836:INFO:Uploading model into container now
2024-06-05 12:19:50,837:INFO:_master_model_container: 13
2024-06-05 12:19:50,837:INFO:_display_container: 2
2024-06-05 12:19:50,837:INFO:RandomForestRegressor(n_jobs=-1, random_state=123)
2024-06-05 12:19:50,838:INFO:create_model() successfully completed......................................
2024-06-05 12:19:50,933:INFO:SubProcess create_model() end ==================================
2024-06-05 12:19:50,933:INFO:Creating metrics dataframe
2024-06-05 12:19:50,937:INFO:Initializing Extra Trees Regressor
2024-06-05 12:19:50,937:INFO:Total runtime is 0.5092726786931356 minutes
2024-06-05 12:19:50,937:INFO:SubProcess create_model() called ==================================
2024-06-05 12:19:50,938:INFO:Initializing create_model()
2024-06-05 12:19:50,938:INFO:create_model(self=<pycaret.regression.oop.RegressionExperiment object at 0x7b9520f1e6e0>, estimator=et, fold=KFold(n_splits=10, random_state=None, shuffle=False), round=4, cross_validation=True, predict=True, fit_kwargs={}, groups=None, refit=False, probability_threshold=None, experiment_custom_tags=None, verbose=False, system=False, add_to_model_list=True, metrics=None, display=<pycaret.internal.display.display.CommonDisplay object at 0x7b951b7d20b0>, model_only=True, return_train_score=False, error_score=0.0, kwargs={})
2024-06-05 12:19:50,938:INFO:Checking exceptions
2024-06-05 12:19:50,939:INFO:Importing libraries
2024-06-05 12:19:50,939:INFO:Copying training dataset
2024-06-05 12:19:50,945:INFO:Defining folds
2024-06-05 12:19:50,945:INFO:Declaring metric variables
2024-06-05 12:19:50,946:INFO:Importing untrained model
2024-06-05 12:19:50,946:INFO:Extra Trees Regressor Imported successfully
2024-06-05 12:19:50,947:INFO:Starting cross validation
2024-06-05 12:19:50,956:INFO:Cross validating with KFold(n_splits=10, random_state=None, shuffle=False), n_jobs=-1
2024-06-05 12:19:53,816:INFO:Calculating mean and std
2024-06-05 12:19:53,818:INFO:Creating metrics dataframe
2024-06-05 12:19:53,820:INFO:Uploading results into container
2024-06-05 12:19:53,821:INFO:Uploading model into container now
2024-06-05 12:19:53,821:INFO:_master_model_container: 14
2024-06-05 12:19:53,822:INFO:_display_container: 2
2024-06-05 12:19:53,822:INFO:ExtraTreesRegressor(n_jobs=-1, random_state=123)
2024-06-05 12:19:53,822:INFO:create_model() successfully completed......................................
2024-06-05 12:19:53,924:INFO:SubProcess create_model() end ==================================
2024-06-05 12:19:53,924:INFO:Creating metrics dataframe
2024-06-05 12:19:53,927:INFO:Initializing AdaBoost Regressor
2024-06-05 12:19:53,928:INFO:Total runtime is 0.5591175397237143 minutes
2024-06-05 12:19:53,928:INFO:SubProcess create_model() called ==================================
2024-06-05 12:19:53,929:INFO:Initializing create_model()
2024-06-05 12:19:53,929:INFO:create_model(self=<pycaret.regression.oop.RegressionExperiment object at 0x7b9520f1e6e0>, estimator=ada, fold=KFold(n_splits=10, random_state=None, shuffle=False), round=4, cross_validation=True, predict=True, fit_kwargs={}, groups=None, refit=False, probability_threshold=None, experiment_custom_tags=None, verbose=False, system=False, add_to_model_list=True, metrics=None, display=<pycaret.internal.display.display.CommonDisplay object at 0x7b951b7d20b0>, model_only=True, return_train_score=False, error_score=0.0, kwargs={})
2024-06-05 12:19:53,929:INFO:Checking exceptions
2024-06-05 12:19:53,929:INFO:Importing libraries
2024-06-05 12:19:53,930:INFO:Copying training dataset
2024-06-05 12:19:53,935:INFO:Defining folds
2024-06-05 12:19:53,935:INFO:Declaring metric variables
2024-06-05 12:19:53,936:INFO:Importing untrained model
2024-06-05 12:19:53,936:INFO:AdaBoost Regressor Imported successfully
2024-06-05 12:19:53,937:INFO:Starting cross validation
2024-06-05 12:19:53,946:INFO:Cross validating with KFold(n_splits=10, random_state=None, shuffle=False), n_jobs=-1
2024-06-05 12:19:56,243:INFO:Calculating mean and std
2024-06-05 12:19:56,244:INFO:Creating metrics dataframe
2024-06-05 12:19:56,247:INFO:Uploading results into container
2024-06-05 12:19:56,249:INFO:Uploading model into container now
2024-06-05 12:19:56,250:INFO:_master_model_container: 15
2024-06-05 12:19:56,250:INFO:_display_container: 2
2024-06-05 12:19:56,250:INFO:AdaBoostRegressor(random_state=123)
2024-06-05 12:19:56,251:INFO:create_model() successfully completed......................................
2024-06-05 12:19:56,347:INFO:SubProcess create_model() end ==================================
2024-06-05 12:19:56,348:INFO:Creating metrics dataframe
2024-06-05 12:19:56,351:INFO:Initializing Gradient Boosting Regressor
2024-06-05 12:19:56,352:INFO:Total runtime is 0.5995188355445863 minutes
2024-06-05 12:19:56,352:INFO:SubProcess create_model() called ==================================
2024-06-05 12:19:56,353:INFO:Initializing create_model()
2024-06-05 12:19:56,353:INFO:create_model(self=<pycaret.regression.oop.RegressionExperiment object at 0x7b9520f1e6e0>, estimator=gbr, fold=KFold(n_splits=10, random_state=None, shuffle=False), round=4, cross_validation=True, predict=True, fit_kwargs={}, groups=None, refit=False, probability_threshold=None, experiment_custom_tags=None, verbose=False, system=False, add_to_model_list=True, metrics=None, display=<pycaret.internal.display.display.CommonDisplay object at 0x7b951b7d20b0>, model_only=True, return_train_score=False, error_score=0.0, kwargs={})
2024-06-05 12:19:56,353:INFO:Checking exceptions
2024-06-05 12:19:56,353:INFO:Importing libraries
2024-06-05 12:19:56,354:INFO:Copying training dataset
2024-06-05 12:19:56,361:INFO:Defining folds
2024-06-05 12:19:56,362:INFO:Declaring metric variables
2024-06-05 12:19:56,363:INFO:Importing untrained model
2024-06-05 12:19:56,364:INFO:Gradient Boosting Regressor Imported successfully
2024-06-05 12:19:56,364:INFO:Starting cross validation
2024-06-05 12:19:56,376:INFO:Cross validating with KFold(n_splits=10, random_state=None, shuffle=False), n_jobs=-1
2024-06-05 12:19:58,778:INFO:Calculating mean and std
2024-06-05 12:19:58,779:INFO:Creating metrics dataframe
2024-06-05 12:19:58,782:INFO:Uploading results into container
2024-06-05 12:19:58,782:INFO:Uploading model into container now
2024-06-05 12:19:58,783:INFO:_master_model_container: 16
2024-06-05 12:19:58,783:INFO:_display_container: 2
2024-06-05 12:19:58,784:INFO:GradientBoostingRegressor(random_state=123)
2024-06-05 12:19:58,784:INFO:create_model() successfully completed......................................
2024-06-05 12:19:58,885:INFO:SubProcess create_model() end ==================================
2024-06-05 12:19:58,885:INFO:Creating metrics dataframe
2024-06-05 12:19:58,888:INFO:Initializing Extreme Gradient Boosting
2024-06-05 12:19:58,888:INFO:Total runtime is 0.6417944113413494 minutes
2024-06-05 12:19:58,889:INFO:SubProcess create_model() called ==================================
2024-06-05 12:19:58,889:INFO:Initializing create_model()
2024-06-05 12:19:58,889:INFO:create_model(self=<pycaret.regression.oop.RegressionExperiment object at 0x7b9520f1e6e0>, estimator=xgboost, fold=KFold(n_splits=10, random_state=None, shuffle=False), round=4, cross_validation=True, predict=True, fit_kwargs={}, groups=None, refit=False, probability_threshold=None, experiment_custom_tags=None, verbose=False, system=False, add_to_model_list=True, metrics=None, display=<pycaret.internal.display.display.CommonDisplay object at 0x7b951b7d20b0>, model_only=True, return_train_score=False, error_score=0.0, kwargs={})
2024-06-05 12:19:58,890:INFO:Checking exceptions
2024-06-05 12:19:58,890:INFO:Importing libraries
2024-06-05 12:19:58,890:INFO:Copying training dataset
2024-06-05 12:19:58,895:INFO:Defining folds
2024-06-05 12:19:58,895:INFO:Declaring metric variables
2024-06-05 12:19:58,895:INFO:Importing untrained model
2024-06-05 12:19:58,897:INFO:Extreme Gradient Boosting Imported successfully
2024-06-05 12:19:58,897:INFO:Starting cross validation
2024-06-05 12:19:58,906:INFO:Cross validating with KFold(n_splits=10, random_state=None, shuffle=False), n_jobs=-1
2024-06-05 12:20:01,071:INFO:Calculating mean and std
2024-06-05 12:20:01,073:INFO:Creating metrics dataframe
2024-06-05 12:20:01,076:INFO:Uploading results into container
2024-06-05 12:20:01,077:INFO:Uploading model into container now
2024-06-05 12:20:01,077:INFO:_master_model_container: 17
2024-06-05 12:20:01,078:INFO:_display_container: 2
2024-06-05 12:20:01,079:INFO:XGBRegressor(base_score=None, booster='gbtree', callbacks=None,
             colsample_bylevel=None, colsample_bynode=None,
             colsample_bytree=None, device='cpu', early_stopping_rounds=None,
             enable_categorical=False, eval_metric=None, feature_types=None,
             gamma=None, grow_policy=None, importance_type=None,
             interaction_constraints=None, learning_rate=None, max_bin=None,
             max_cat_threshold=None, max_cat_to_onehot=None,
             max_delta_step=None, max_depth=None, max_leaves=None,
             min_child_weight=None, missing=nan, monotone_constraints=None,
             multi_strategy=None, n_estimators=None, n_jobs=-1,
             num_parallel_tree=None, random_state=123, ...)
2024-06-05 12:20:01,079:INFO:create_model() successfully completed......................................
2024-06-05 12:20:01,186:INFO:SubProcess create_model() end ==================================
2024-06-05 12:20:01,186:INFO:Creating metrics dataframe
2024-06-05 12:20:01,190:INFO:Initializing Light Gradient Boosting Machine
2024-06-05 12:20:01,190:INFO:Total runtime is 0.6801562706629436 minutes
2024-06-05 12:20:01,190:INFO:SubProcess create_model() called ==================================
2024-06-05 12:20:01,191:INFO:Initializing create_model()
2024-06-05 12:20:01,191:INFO:create_model(self=<pycaret.regression.oop.RegressionExperiment object at 0x7b9520f1e6e0>, estimator=lightgbm, fold=KFold(n_splits=10, random_state=None, shuffle=False), round=4, cross_validation=True, predict=True, fit_kwargs={}, groups=None, refit=False, probability_threshold=None, experiment_custom_tags=None, verbose=False, system=False, add_to_model_list=True, metrics=None, display=<pycaret.internal.display.display.CommonDisplay object at 0x7b951b7d20b0>, model_only=True, return_train_score=False, error_score=0.0, kwargs={})
2024-06-05 12:20:01,191:INFO:Checking exceptions
2024-06-05 12:20:01,192:INFO:Importing libraries
2024-06-05 12:20:01,192:INFO:Copying training dataset
2024-06-05 12:20:01,197:INFO:Defining folds
2024-06-05 12:20:01,198:INFO:Declaring metric variables
2024-06-05 12:20:01,198:INFO:Importing untrained model
2024-06-05 12:20:01,199:INFO:Light Gradient Boosting Machine Imported successfully
2024-06-05 12:20:01,199:INFO:Starting cross validation
2024-06-05 12:20:01,208:INFO:Cross validating with KFold(n_splits=10, random_state=None, shuffle=False), n_jobs=-1
2024-06-05 12:20:08,085:INFO:Calculating mean and std
2024-06-05 12:20:08,086:INFO:Creating metrics dataframe
2024-06-05 12:20:08,089:INFO:Uploading results into container
2024-06-05 12:20:08,090:INFO:Uploading model into container now
2024-06-05 12:20:08,090:INFO:_master_model_container: 18
2024-06-05 12:20:08,091:INFO:_display_container: 2
2024-06-05 12:20:08,091:INFO:LGBMRegressor(n_jobs=-1, random_state=123)
2024-06-05 12:20:08,091:INFO:create_model() successfully completed......................................
2024-06-05 12:20:08,186:INFO:SubProcess create_model() end ==================================
2024-06-05 12:20:08,186:INFO:Creating metrics dataframe
2024-06-05 12:20:08,202:WARNING:/usr/local/python/3.10.13/lib/python3.10/site-packages/pycaret/internal/pycaret_experiment/supervised_experiment.py:323: FutureWarning: Styler.applymap has been deprecated. Use Styler.map instead.
  master_display_.apply(

2024-06-05 12:20:08,204:INFO:Initializing create_model()
2024-06-05 12:20:08,204:INFO:create_model(self=<pycaret.regression.oop.RegressionExperiment object at 0x7b9520f1e6e0>, estimator=ExtraTreesRegressor(n_jobs=-1, random_state=123), fold=KFold(n_splits=10, random_state=None, shuffle=False), round=4, cross_validation=False, predict=False, fit_kwargs={}, groups=None, refit=True, probability_threshold=None, experiment_custom_tags=None, verbose=False, system=False, add_to_model_list=True, metrics=None, display=None, model_only=True, return_train_score=False, error_score=0.0, kwargs={})
2024-06-05 12:20:08,204:INFO:Checking exceptions
2024-06-05 12:20:08,205:INFO:Importing libraries
2024-06-05 12:20:08,205:INFO:Copying training dataset
2024-06-05 12:20:08,210:INFO:Defining folds
2024-06-05 12:20:08,210:INFO:Declaring metric variables
2024-06-05 12:20:08,210:INFO:Importing untrained model
2024-06-05 12:20:08,210:INFO:Declaring custom model
2024-06-05 12:20:08,211:INFO:Extra Trees Regressor Imported successfully
2024-06-05 12:20:08,220:INFO:Cross validation set to False
2024-06-05 12:20:08,221:INFO:Fitting Model
2024-06-05 12:20:08,470:INFO:ExtraTreesRegressor(n_jobs=-1, random_state=123)
2024-06-05 12:20:08,470:INFO:create_model() successfully completed......................................
2024-06-05 12:20:08,577:INFO:_master_model_container: 18
2024-06-05 12:20:08,577:INFO:_display_container: 2
2024-06-05 12:20:08,577:INFO:ExtraTreesRegressor(n_jobs=-1, random_state=123)
2024-06-05 12:20:08,577:INFO:compare_models() successfully completed......................................
2024-06-05 12:20:15,201:INFO:Initializing create_model()
2024-06-05 12:20:15,202:INFO:create_model(self=<pycaret.regression.oop.RegressionExperiment object at 0x7b9520f1e6e0>, estimator=et, fold=None, round=4, cross_validation=True, predict=True, fit_kwargs=None, groups=None, refit=True, probability_threshold=None, experiment_custom_tags=None, verbose=True, system=True, add_to_model_list=True, metrics=None, display=None, model_only=True, return_train_score=False, error_score=0.0, kwargs={'max_depth': 3})
2024-06-05 12:20:15,202:INFO:Checking exceptions
2024-06-05 12:20:15,204:INFO:Importing libraries
2024-06-05 12:20:15,204:INFO:Copying training dataset
2024-06-05 12:20:15,210:INFO:Defining folds
2024-06-05 12:20:15,210:INFO:Declaring metric variables
2024-06-05 12:20:15,210:INFO:Importing untrained model
2024-06-05 12:20:15,211:INFO:Extra Trees Regressor Imported successfully
2024-06-05 12:20:15,212:INFO:Starting cross validation
2024-06-05 12:20:15,223:INFO:Cross validating with KFold(n_splits=10, random_state=None, shuffle=False), n_jobs=-1
2024-06-05 12:20:17,875:INFO:Calculating mean and std
2024-06-05 12:20:17,876:INFO:Creating metrics dataframe
2024-06-05 12:20:17,878:INFO:Finalizing model
2024-06-05 12:20:18,126:INFO:Uploading results into container
2024-06-05 12:20:18,127:INFO:Uploading model into container now
2024-06-05 12:20:18,136:INFO:_master_model_container: 19
2024-06-05 12:20:18,136:INFO:_display_container: 3
2024-06-05 12:20:18,137:INFO:ExtraTreesRegressor(max_depth=3, n_jobs=-1, random_state=123)
2024-06-05 12:20:18,137:INFO:create_model() successfully completed......................................
2024-06-05 12:20:18,231:INFO:Initializing tune_model()
2024-06-05 12:20:18,232:INFO:tune_model(estimator=ExtraTreesRegressor(max_depth=3, n_jobs=-1, random_state=123), fold=None, round=4, n_iter=10, custom_grid=None, optimize=R2, custom_scorer=None, search_library=scikit-learn, search_algorithm=None, early_stopping=False, early_stopping_max_iters=10, choose_better=True, fit_kwargs=None, groups=None, return_tuner=False, verbose=True, tuner_verbose=True, return_train_score=False, kwargs={}, self=<pycaret.regression.oop.RegressionExperiment object at 0x7b9520f1e6e0>)
2024-06-05 12:20:18,232:INFO:Checking exceptions
2024-06-05 12:20:18,235:INFO:Copying training dataset
2024-06-05 12:20:18,237:INFO:Checking base model
2024-06-05 12:20:18,238:INFO:Base model : Extra Trees Regressor
2024-06-05 12:20:18,238:INFO:Declaring metric variables
2024-06-05 12:20:18,239:INFO:Defining Hyperparameters
2024-06-05 12:20:18,328:INFO:Tuning with n_jobs=-1
2024-06-05 12:20:18,329:INFO:Initializing RandomizedSearchCV
2024-06-05 12:20:53,809:INFO:best_params: {'actual_estimator__n_estimators': 240, 'actual_estimator__min_samples_split': 5, 'actual_estimator__min_samples_leaf': 2, 'actual_estimator__min_impurity_decrease': 0.0001, 'actual_estimator__max_features': 'sqrt', 'actual_estimator__max_depth': 8, 'actual_estimator__criterion': 'squared_error', 'actual_estimator__bootstrap': False}
2024-06-05 12:20:53,811:INFO:Hyperparameter search completed
2024-06-05 12:20:53,811:INFO:SubProcess create_model() called ==================================
2024-06-05 12:20:53,812:INFO:Initializing create_model()
2024-06-05 12:20:53,812:INFO:create_model(self=<pycaret.regression.oop.RegressionExperiment object at 0x7b9520f1e6e0>, estimator=ExtraTreesRegressor(max_depth=3, n_jobs=-1, random_state=123), fold=KFold(n_splits=10, random_state=None, shuffle=False), round=4, cross_validation=True, predict=True, fit_kwargs={}, groups=None, refit=True, probability_threshold=None, experiment_custom_tags=None, verbose=True, system=False, add_to_model_list=True, metrics=None, display=<pycaret.internal.display.display.CommonDisplay object at 0x7b951b20cc10>, model_only=True, return_train_score=False, error_score=0.0, kwargs={'n_estimators': 240, 'min_samples_split': 5, 'min_samples_leaf': 2, 'min_impurity_decrease': 0.0001, 'max_features': 'sqrt', 'max_depth': 8, 'criterion': 'squared_error', 'bootstrap': False})
2024-06-05 12:20:53,813:INFO:Checking exceptions
2024-06-05 12:20:53,813:INFO:Importing libraries
2024-06-05 12:20:53,813:INFO:Copying training dataset
2024-06-05 12:20:53,821:INFO:Defining folds
2024-06-05 12:20:53,822:INFO:Declaring metric variables
2024-06-05 12:20:53,822:INFO:Importing untrained model
2024-06-05 12:20:53,822:INFO:Declaring custom model
2024-06-05 12:20:53,824:INFO:Extra Trees Regressor Imported successfully
2024-06-05 12:20:53,824:INFO:Starting cross validation
2024-06-05 12:20:53,837:INFO:Cross validating with KFold(n_splits=10, random_state=None, shuffle=False), n_jobs=-1
2024-06-05 12:20:57,932:INFO:Calculating mean and std
2024-06-05 12:20:57,933:INFO:Creating metrics dataframe
2024-06-05 12:20:57,935:INFO:Finalizing model
2024-06-05 12:20:58,298:INFO:Uploading results into container
2024-06-05 12:20:58,299:INFO:Uploading model into container now
2024-06-05 12:20:58,300:INFO:_master_model_container: 20
2024-06-05 12:20:58,300:INFO:_display_container: 4
2024-06-05 12:20:58,301:INFO:ExtraTreesRegressor(max_depth=8, max_features='sqrt',
                    min_impurity_decrease=0.0001, min_samples_leaf=2,
                    min_samples_split=5, n_estimators=240, n_jobs=-1,
                    random_state=123)
2024-06-05 12:20:58,301:INFO:create_model() successfully completed......................................
2024-06-05 12:20:58,397:INFO:SubProcess create_model() end ==================================
2024-06-05 12:20:58,397:INFO:choose_better activated
2024-06-05 12:20:58,398:INFO:SubProcess create_model() called ==================================
2024-06-05 12:20:58,399:INFO:Initializing create_model()
2024-06-05 12:20:58,399:INFO:create_model(self=<pycaret.regression.oop.RegressionExperiment object at 0x7b9520f1e6e0>, estimator=ExtraTreesRegressor(max_depth=3, n_jobs=-1, random_state=123), fold=KFold(n_splits=10, random_state=None, shuffle=False), round=4, cross_validation=True, predict=True, fit_kwargs={}, groups=None, refit=True, probability_threshold=None, experiment_custom_tags=None, verbose=False, system=False, add_to_model_list=True, metrics=None, display=None, model_only=True, return_train_score=False, error_score=0.0, kwargs={})
2024-06-05 12:20:58,399:INFO:Checking exceptions
2024-06-05 12:20:58,400:INFO:Importing libraries
2024-06-05 12:20:58,400:INFO:Copying training dataset
2024-06-05 12:20:58,404:INFO:Defining folds
2024-06-05 12:20:58,404:INFO:Declaring metric variables
2024-06-05 12:20:58,405:INFO:Importing untrained model
2024-06-05 12:20:58,405:INFO:Declaring custom model
2024-06-05 12:20:58,406:INFO:Extra Trees Regressor Imported successfully
2024-06-05 12:20:58,406:INFO:Starting cross validation
2024-06-05 12:20:58,416:INFO:Cross validating with KFold(n_splits=10, random_state=None, shuffle=False), n_jobs=-1
2024-06-05 12:21:01,083:INFO:Calculating mean and std
2024-06-05 12:21:01,084:INFO:Creating metrics dataframe
2024-06-05 12:21:01,087:INFO:Finalizing model
2024-06-05 12:21:01,337:INFO:Uploading results into container
2024-06-05 12:21:01,338:INFO:Uploading model into container now
2024-06-05 12:21:01,339:INFO:_master_model_container: 21
2024-06-05 12:21:01,339:INFO:_display_container: 5
2024-06-05 12:21:01,339:INFO:ExtraTreesRegressor(max_depth=3, n_jobs=-1, random_state=123)
2024-06-05 12:21:01,340:INFO:create_model() successfully completed......................................
2024-06-05 12:21:01,436:INFO:SubProcess create_model() end ==================================
2024-06-05 12:21:01,437:INFO:ExtraTreesRegressor(max_depth=3, n_jobs=-1, random_state=123) result for R2 is 0.9358
2024-06-05 12:21:01,438:INFO:ExtraTreesRegressor(max_depth=8, max_features='sqrt',
                    min_impurity_decrease=0.0001, min_samples_leaf=2,
                    min_samples_split=5, n_estimators=240, n_jobs=-1,
                    random_state=123) result for R2 is 0.9413
2024-06-05 12:21:01,438:INFO:ExtraTreesRegressor(max_depth=8, max_features='sqrt',
                    min_impurity_decrease=0.0001, min_samples_leaf=2,
                    min_samples_split=5, n_estimators=240, n_jobs=-1,
                    random_state=123) is best model
2024-06-05 12:21:01,438:INFO:choose_better completed
2024-06-05 12:21:01,446:INFO:_master_model_container: 21
2024-06-05 12:21:01,446:INFO:_display_container: 4
2024-06-05 12:21:01,447:INFO:ExtraTreesRegressor(max_depth=8, max_features='sqrt',
                    min_impurity_decrease=0.0001, min_samples_leaf=2,
                    min_samples_split=5, n_estimators=240, n_jobs=-1,
                    random_state=123)
2024-06-05 12:21:01,447:INFO:tune_model() successfully completed......................................
2024-06-05 12:21:01,721:INFO:Initializing plot_model()
2024-06-05 12:21:01,721:INFO:plot_model(plot=pipeline, fold=None, verbose=True, display=None, display_format=streamlit, estimator=ExtraTreesRegressor(max_depth=8, max_features='sqrt',
                    min_impurity_decrease=0.0001, min_samples_leaf=2,
                    min_samples_split=5, n_estimators=240, n_jobs=-1,
                    random_state=123), feature_name=None, fit_kwargs=None, groups=None, label=False, plot_kwargs=None, save=True, scale=1, self=<pycaret.regression.oop.RegressionExperiment object at 0x7b9520f1e6e0>, system=True)
2024-06-05 12:21:01,722:INFO:Checking exceptions
2024-06-05 12:21:01,722:INFO:Soft dependency imported: streamlit: 1.35.0
2024-06-05 12:21:01,778:INFO:Preloading libraries
2024-06-05 12:21:01,792:INFO:Copying training dataset
2024-06-05 12:21:01,792:INFO:Plot type: pipeline
2024-06-05 12:21:01,934:INFO:Saving 'Pipeline Plot.png'
2024-06-05 12:21:01,940:WARNING:findfont: Generic family 'sans-serif' not found because none of the following families were found: Arial, Liberation Sans, Bitstream Vera Sans, sans-serif
2024-06-05 12:21:01,974:WARNING:findfont: Generic family 'sans-serif' not found because none of the following families were found: Arial, Liberation Sans, Bitstream Vera Sans, sans-serif
2024-06-05 12:21:01,975:WARNING:findfont: Generic family 'sans-serif' not found because none of the following families were found: Arial, Liberation Sans, Bitstream Vera Sans, sans-serif
2024-06-05 12:21:01,976:WARNING:findfont: Generic family 'sans-serif' not found because none of the following families were found: Arial, Liberation Sans, Bitstream Vera Sans, sans-serif
2024-06-05 12:21:01,977:WARNING:findfont: Generic family 'sans-serif' not found because none of the following families were found: Arial, Liberation Sans, Bitstream Vera Sans, sans-serif
2024-06-05 12:21:01,979:WARNING:findfont: Generic family 'sans-serif' not found because none of the following families were found: Arial, Liberation Sans, Bitstream Vera Sans, sans-serif
2024-06-05 12:21:01,981:WARNING:findfont: Generic family 'sans-serif' not found because none of the following families were found: Arial, Liberation Sans, Bitstream Vera Sans, sans-serif
2024-06-05 12:21:01,982:WARNING:findfont: Generic family 'sans-serif' not found because none of the following families were found: Arial, Liberation Sans, Bitstream Vera Sans, sans-serif
2024-06-05 12:21:01,996:WARNING:findfont: Generic family 'sans-serif' not found because none of the following families were found: Arial, Liberation Sans, Bitstream Vera Sans, sans-serif
2024-06-05 12:21:01,996:WARNING:findfont: Generic family 'sans-serif' not found because none of the following families were found: Arial, Liberation Sans, Bitstream Vera Sans, sans-serif
2024-06-05 12:21:01,997:WARNING:findfont: Generic family 'sans-serif' not found because none of the following families were found: Arial, Liberation Sans, Bitstream Vera Sans, sans-serif
2024-06-05 12:21:01,998:WARNING:findfont: Generic family 'sans-serif' not found because none of the following families were found: Arial, Liberation Sans, Bitstream Vera Sans, sans-serif
2024-06-05 12:21:01,999:WARNING:findfont: Generic family 'sans-serif' not found because none of the following families were found: Arial, Liberation Sans, Bitstream Vera Sans, sans-serif
2024-06-05 12:21:02,000:WARNING:findfont: Generic family 'sans-serif' not found because none of the following families were found: Arial, Liberation Sans, Bitstream Vera Sans, sans-serif
2024-06-05 12:21:02,001:WARNING:findfont: Generic family 'sans-serif' not found because none of the following families were found: Arial, Liberation Sans, Bitstream Vera Sans, sans-serif
2024-06-05 12:21:02,002:WARNING:findfont: Generic family 'sans-serif' not found because none of the following families were found: Arial, Liberation Sans, Bitstream Vera Sans, sans-serif
2024-06-05 12:21:02,003:WARNING:findfont: Generic family 'sans-serif' not found because none of the following families were found: Arial, Liberation Sans, Bitstream Vera Sans, sans-serif
2024-06-05 12:21:02,004:WARNING:findfont: Generic family 'sans-serif' not found because none of the following families were found: Arial, Liberation Sans, Bitstream Vera Sans, sans-serif
2024-06-05 12:21:02,005:WARNING:findfont: Generic family 'sans-serif' not found because none of the following families were found: Arial, Liberation Sans, Bitstream Vera Sans, sans-serif
2024-06-05 12:21:02,006:WARNING:findfont: Generic family 'sans-serif' not found because none of the following families were found: Arial, Liberation Sans, Bitstream Vera Sans, sans-serif
2024-06-05 12:21:02,007:WARNING:findfont: Generic family 'sans-serif' not found because none of the following families were found: Arial, Liberation Sans, Bitstream Vera Sans, sans-serif
2024-06-05 12:21:02,008:WARNING:findfont: Generic family 'sans-serif' not found because none of the following families were found: Arial, Liberation Sans, Bitstream Vera Sans, sans-serif
2024-06-05 12:21:02,010:WARNING:findfont: Generic family 'sans-serif' not found because none of the following families were found: Arial, Liberation Sans, Bitstream Vera Sans, sans-serif
2024-06-05 12:21:02,011:WARNING:findfont: Generic family 'sans-serif' not found because none of the following families were found: Arial, Liberation Sans, Bitstream Vera Sans, sans-serif
2024-06-05 12:21:02,083:WARNING:findfont: Generic family 'sans-serif' not found because none of the following families were found: Arial, Liberation Sans, Bitstream Vera Sans, sans-serif
2024-06-05 12:21:02,083:WARNING:findfont: Generic family 'sans-serif' not found because none of the following families were found: Arial, Liberation Sans, Bitstream Vera Sans, sans-serif
2024-06-05 12:21:02,084:WARNING:findfont: Generic family 'sans-serif' not found because none of the following families were found: Arial, Liberation Sans, Bitstream Vera Sans, sans-serif
2024-06-05 12:21:02,085:WARNING:findfont: Generic family 'sans-serif' not found because none of the following families were found: Arial, Liberation Sans, Bitstream Vera Sans, sans-serif
2024-06-05 12:21:02,086:WARNING:findfont: Generic family 'sans-serif' not found because none of the following families were found: Arial, Liberation Sans, Bitstream Vera Sans, sans-serif
2024-06-05 12:21:02,087:WARNING:findfont: Generic family 'sans-serif' not found because none of the following families were found: Arial, Liberation Sans, Bitstream Vera Sans, sans-serif
2024-06-05 12:21:02,088:WARNING:findfont: Generic family 'sans-serif' not found because none of the following families were found: Arial, Liberation Sans, Bitstream Vera Sans, sans-serif
2024-06-05 12:21:02,089:WARNING:findfont: Generic family 'sans-serif' not found because none of the following families were found: Arial, Liberation Sans, Bitstream Vera Sans, sans-serif
2024-06-05 12:21:02,090:WARNING:findfont: Generic family 'sans-serif' not found because none of the following families were found: Arial, Liberation Sans, Bitstream Vera Sans, sans-serif
2024-06-05 12:21:02,091:WARNING:findfont: Generic family 'sans-serif' not found because none of the following families were found: Arial, Liberation Sans, Bitstream Vera Sans, sans-serif
2024-06-05 12:21:02,092:WARNING:findfont: Generic family 'sans-serif' not found because none of the following families were found: Arial, Liberation Sans, Bitstream Vera Sans, sans-serif
2024-06-05 12:21:02,093:WARNING:findfont: Generic family 'sans-serif' not found because none of the following families were found: Arial, Liberation Sans, Bitstream Vera Sans, sans-serif
2024-06-05 12:21:02,094:WARNING:findfont: Generic family 'sans-serif' not found because none of the following families were found: Arial, Liberation Sans, Bitstream Vera Sans, sans-serif
2024-06-05 12:21:02,095:WARNING:findfont: Generic family 'sans-serif' not found because none of the following families were found: Arial, Liberation Sans, Bitstream Vera Sans, sans-serif
2024-06-05 12:21:02,097:WARNING:findfont: Generic family 'sans-serif' not found because none of the following families were found: Arial, Liberation Sans, Bitstream Vera Sans, sans-serif
2024-06-05 12:21:02,098:WARNING:findfont: Generic family 'sans-serif' not found because none of the following families were found: Arial, Liberation Sans, Bitstream Vera Sans, sans-serif
2024-06-05 12:21:02,099:INFO:Visual Rendered Successfully
2024-06-05 12:21:02,196:INFO:plot_model() successfully completed......................................
2024-06-05 12:21:02,217:INFO:Initializing plot_model()
2024-06-05 12:21:02,217:INFO:plot_model(plot=residuals, fold=None, verbose=True, display=None, display_format=streamlit, estimator=ExtraTreesRegressor(max_depth=8, max_features='sqrt',
                    min_impurity_decrease=0.0001, min_samples_leaf=2,
                    min_samples_split=5, n_estimators=240, n_jobs=-1,
                    random_state=123), feature_name=None, fit_kwargs=None, groups=None, label=False, plot_kwargs=None, save=True, scale=1, self=<pycaret.regression.oop.RegressionExperiment object at 0x7b9520f1e6e0>, system=True)
2024-06-05 12:21:02,217:INFO:Checking exceptions
2024-06-05 12:21:02,217:INFO:Soft dependency imported: streamlit: 1.35.0
2024-06-05 12:21:02,264:INFO:Preloading libraries
2024-06-05 12:21:02,278:INFO:Copying training dataset
2024-06-05 12:21:02,278:INFO:Plot type: residuals
2024-06-05 12:21:02,815:INFO:Fitting Model
2024-06-05 12:21:02,816:WARNING:/usr/local/python/3.10.13/lib/python3.10/site-packages/sklearn/base.py:493: UserWarning: X does not have valid feature names, but ExtraTreesRegressor was fitted with feature names
  warnings.warn(

2024-06-05 12:21:02,967:INFO:Scoring test/hold-out set
2024-06-05 12:21:03,104:INFO:Saving 'Residuals.png'
2024-06-05 12:21:03,676:INFO:Visual Rendered Successfully
2024-06-05 12:21:03,783:INFO:plot_model() successfully completed......................................
2024-06-05 12:21:03,787:INFO:Initializing plot_model()
2024-06-05 12:21:03,787:INFO:plot_model(plot=error, fold=None, verbose=True, display=None, display_format=streamlit, estimator=ExtraTreesRegressor(max_depth=8, max_features='sqrt',
                    min_impurity_decrease=0.0001, min_samples_leaf=2,
                    min_samples_split=5, n_estimators=240, n_jobs=-1,
                    random_state=123), feature_name=None, fit_kwargs=None, groups=None, label=False, plot_kwargs=None, save=True, scale=1, self=<pycaret.regression.oop.RegressionExperiment object at 0x7b9520f1e6e0>, system=True)
2024-06-05 12:21:03,788:INFO:Checking exceptions
2024-06-05 12:21:03,788:INFO:Soft dependency imported: streamlit: 1.35.0
2024-06-05 12:21:03,834:INFO:Preloading libraries
2024-06-05 12:21:03,848:INFO:Copying training dataset
2024-06-05 12:21:03,848:INFO:Plot type: error
2024-06-05 12:21:04,320:INFO:Fitting Model
2024-06-05 12:21:04,321:WARNING:/usr/local/python/3.10.13/lib/python3.10/site-packages/sklearn/base.py:493: UserWarning: X does not have valid feature names, but ExtraTreesRegressor was fitted with feature names
  warnings.warn(

2024-06-05 12:21:04,321:INFO:Scoring test/hold-out set
2024-06-05 12:21:04,456:INFO:Saving 'Prediction Error.png'
2024-06-05 12:21:04,866:INFO:Visual Rendered Successfully
2024-06-05 12:21:04,964:INFO:plot_model() successfully completed......................................
2024-06-05 12:21:04,968:INFO:Initializing plot_model()
2024-06-05 12:21:04,968:INFO:plot_model(plot=feature, fold=None, verbose=True, display=None, display_format=streamlit, estimator=ExtraTreesRegressor(max_depth=8, max_features='sqrt',
                    min_impurity_decrease=0.0001, min_samples_leaf=2,
                    min_samples_split=5, n_estimators=240, n_jobs=-1,
                    random_state=123), feature_name=None, fit_kwargs=None, groups=None, label=False, plot_kwargs=None, save=True, scale=1, self=<pycaret.regression.oop.RegressionExperiment object at 0x7b9520f1e6e0>, system=True)
2024-06-05 12:21:04,968:INFO:Checking exceptions
2024-06-05 12:21:04,969:INFO:Soft dependency imported: streamlit: 1.35.0
2024-06-05 12:21:05,014:INFO:Preloading libraries
2024-06-05 12:21:05,028:INFO:Copying training dataset
2024-06-05 12:21:05,029:INFO:Plot type: feature
2024-06-05 12:21:05,030:WARNING:No coef_ found. Trying feature_importances_
2024-06-05 12:21:05,163:INFO:Saving 'Feature Importance.png'
2024-06-05 12:21:05,360:INFO:Visual Rendered Successfully
2024-06-05 12:21:05,457:INFO:plot_model() successfully completed......................................
2024-06-05 12:21:05,461:INFO:Initializing plot_model()
2024-06-05 12:21:05,461:INFO:plot_model(plot=cooks, fold=None, verbose=True, display=None, display_format=streamlit, estimator=ExtraTreesRegressor(max_depth=8, max_features='sqrt',
                    min_impurity_decrease=0.0001, min_samples_leaf=2,
                    min_samples_split=5, n_estimators=240, n_jobs=-1,
                    random_state=123), feature_name=None, fit_kwargs=None, groups=None, label=False, plot_kwargs=None, save=True, scale=1, self=<pycaret.regression.oop.RegressionExperiment object at 0x7b9520f1e6e0>, system=True)
2024-06-05 12:21:05,462:INFO:Checking exceptions
2024-06-05 12:21:05,462:INFO:Soft dependency imported: streamlit: 1.35.0
2024-06-05 12:21:05,507:INFO:Preloading libraries
2024-06-05 12:21:05,521:INFO:Copying training dataset
2024-06-05 12:21:05,521:INFO:Plot type: cooks
2024-06-05 12:21:05,919:INFO:Fitting Model
2024-06-05 12:21:05,952:INFO:Saving 'Cooks Distance.png'
2024-06-05 12:21:06,185:INFO:Visual Rendered Successfully
2024-06-05 12:21:06,284:INFO:plot_model() successfully completed......................................
2024-06-05 12:21:06,288:INFO:Initializing plot_model()
2024-06-05 12:21:06,288:INFO:plot_model(plot=learning, fold=None, verbose=True, display=None, display_format=streamlit, estimator=ExtraTreesRegressor(max_depth=8, max_features='sqrt',
                    min_impurity_decrease=0.0001, min_samples_leaf=2,
                    min_samples_split=5, n_estimators=240, n_jobs=-1,
                    random_state=123), feature_name=None, fit_kwargs=None, groups=None, label=False, plot_kwargs=None, save=True, scale=1, self=<pycaret.regression.oop.RegressionExperiment object at 0x7b9520f1e6e0>, system=True)
2024-06-05 12:21:06,288:INFO:Checking exceptions
2024-06-05 12:21:06,288:INFO:Soft dependency imported: streamlit: 1.35.0
2024-06-05 12:21:06,334:INFO:Preloading libraries
2024-06-05 12:21:06,347:INFO:Copying training dataset
2024-06-05 12:21:06,347:INFO:Plot type: learning
2024-06-05 12:21:06,757:INFO:Fitting Model
2024-06-05 12:21:32,164:INFO:Saving 'Learning Curve.png'
2024-06-05 12:21:32,462:INFO:Visual Rendered Successfully
2024-06-05 12:21:32,572:INFO:plot_model() successfully completed......................................
2024-06-05 12:21:32,576:INFO:Initializing plot_model()
2024-06-05 12:21:32,576:INFO:plot_model(plot=vc, fold=None, verbose=True, display=None, display_format=streamlit, estimator=ExtraTreesRegressor(max_depth=8, max_features='sqrt',
                    min_impurity_decrease=0.0001, min_samples_leaf=2,
                    min_samples_split=5, n_estimators=240, n_jobs=-1,
                    random_state=123), feature_name=None, fit_kwargs=None, groups=None, label=False, plot_kwargs=None, save=True, scale=1, self=<pycaret.regression.oop.RegressionExperiment object at 0x7b9520f1e6e0>, system=True)
2024-06-05 12:21:32,576:INFO:Checking exceptions
2024-06-05 12:21:32,577:INFO:Soft dependency imported: streamlit: 1.35.0
2024-06-05 12:21:32,622:INFO:Preloading libraries
2024-06-05 12:21:32,636:INFO:Copying training dataset
2024-06-05 12:21:32,636:INFO:Plot type: vc
2024-06-05 12:21:32,637:INFO:Determining param_name
2024-06-05 12:21:32,637:INFO:param_name: max_depth
2024-06-05 12:21:33,018:INFO:Fitting Model
2024-06-05 12:21:58,937:INFO:Saving 'Validation Curve.png'
2024-06-05 12:21:59,181:INFO:Visual Rendered Successfully
2024-06-05 12:21:59,283:INFO:plot_model() successfully completed......................................
2024-06-05 12:21:59,287:INFO:Initializing plot_model()
2024-06-05 12:21:59,288:INFO:plot_model(plot=manifold, fold=None, verbose=True, display=None, display_format=streamlit, estimator=ExtraTreesRegressor(max_depth=8, max_features='sqrt',
                    min_impurity_decrease=0.0001, min_samples_leaf=2,
                    min_samples_split=5, n_estimators=240, n_jobs=-1,
                    random_state=123), feature_name=None, fit_kwargs=None, groups=None, label=False, plot_kwargs=None, save=True, scale=1, self=<pycaret.regression.oop.RegressionExperiment object at 0x7b9520f1e6e0>, system=True)
2024-06-05 12:21:59,288:INFO:Checking exceptions
2024-06-05 12:21:59,288:INFO:Soft dependency imported: streamlit: 1.35.0
2024-06-05 12:21:59,339:INFO:Preloading libraries
2024-06-05 12:21:59,371:INFO:Copying training dataset
2024-06-05 12:21:59,371:INFO:Plot type: manifold
2024-06-05 12:21:59,832:INFO:Fitting & Transforming Model
